{"C:\\Users\\root\\Documents\\sample\\Pj03\\src\\app\\page.tsx": {"path":"C:\\Users\\root\\Documents\\sample\\Pj03\\src\\app\\page.tsx","statementMap":{"0":{"start":{"line":1,"column":0},"end":{"line":1,"column":null}},"1":{"start":{"line":13,"column":16},"end":{"line":13,"column":48}},"2":{"start":{"line":14,"column":23},"end":{"line":14,"column":54}},"3":{"start":{"line":15,"column":25},"end":{"line":15,"column":57}},"4":{"start":{"line":16,"column":22},"end":{"line":16,"column":51}},"5":{"start":{"line":18,"column":2},"end":{"line":22,"column":null}},"6":{"start":{"line":19,"column":18},"end":{"line":19,"column":null}},"7":{"start":{"line":19,"column":36},"end":{"line":19,"column":51}},"8":{"start":{"line":20,"column":4},"end":{"line":20,"column":null}},"9":{"start":{"line":21,"column":4},"end":{"line":21,"column":null}},"10":{"start":{"line":24,"column":8},"end":{"line":33,"column":null}},"11":{"start":{"line":25,"column":4},"end":{"line":25,"column":null}},"12":{"start":{"line":26,"column":4},"end":{"line":26,"column":null}},"13":{"start":{"line":26,"column":30},"end":{"line":26,"column":null}},"14":{"start":{"line":27,"column":26},"end":{"line":31,"column":null}},"15":{"start":{"line":32,"column":4},"end":{"line":32,"column":null}},"16":{"start":{"line":33,"column":4},"end":{"line":33,"column":null}},"17":{"start":{"line":36,"column":8},"end":{"line":39,"column":null}},"18":{"start":{"line":37,"column":4},"end":{"line":39,"column":null}},"19":{"start":{"line":38,"column":6},"end":{"line":38,"column":null}},"20":{"start":{"line":42,"column":2},"end":{"line":89,"column":null}},"21":{"start":{"line":55,"column":29},"end":{"line":55,"column":null}},"22":{"start":{"line":62,"column":12},"end":{"line":82,"column":null}},"23":{"start":{"line":72,"column":32},"end":{"line":72,"column":51}}},"fnMap":{"0":{"name":"Home","decl":{"start":{"line":12,"column":24},"end":{"line":12,"column":31}},"loc":{"start":{"line":12,"column":31},"end":{"line":89,"column":null}},"line":12},"1":{"name":"(anonymous_1)","decl":{"start":{"line":18,"column":2},"end":{"line":18,"column":18}},"loc":{"start":{"line":18,"column":18},"end":{"line":22,"column":6}},"line":18},"2":{"name":"(anonymous_2)","decl":{"start":{"line":19,"column":24},"end":{"line":19,"column":31}},"loc":{"start":{"line":19,"column":36},"end":{"line":19,"column":51}},"line":19},"3":{"name":"(anonymous_3)","decl":{"start":{"line":24,"column":8},"end":{"line":24,"column":19}},"loc":{"start":{"line":24,"column":42},"end":{"line":33,"column":null}},"line":24},"4":{"name":"(anonymous_4)","decl":{"start":{"line":36,"column":8},"end":{"line":36,"column":22}},"loc":{"start":{"line":36,"column":37},"end":{"line":39,"column":null}},"line":36},"5":{"name":"(anonymous_5)","decl":{"start":{"line":37,"column":19},"end":{"line":37,"column":23}},"loc":{"start":{"line":38,"column":6},"end":{"line":38,"column":null}},"line":38},"6":{"name":"(anonymous_6)","decl":{"start":{"line":55,"column":12},"end":{"line":55,"column":23}},"loc":{"start":{"line":55,"column":29},"end":{"line":55,"column":null}},"line":55},"7":{"name":"(anonymous_7)","decl":{"start":{"line":61,"column":17},"end":{"line":61,"column":21}},"loc":{"start":{"line":62,"column":12},"end":{"line":82,"column":null}},"line":62},"8":{"name":"(anonymous_8)","decl":{"start":{"line":72,"column":16},"end":{"line":72,"column":32}},"loc":{"start":{"line":72,"column":32},"end":{"line":72,"column":51}},"line":72}},"branchMap":{"0":{"loc":{"start":{"line":26,"column":4},"end":{"line":26,"column":null}},"type":"if","locations":[{"start":{"line":26,"column":4},"end":{"line":26,"column":null}},{"start":{},"end":{}}],"line":26},"1":{"loc":{"start":{"line":38,"column":6},"end":{"line":38,"column":null}},"type":"cond-expr","locations":[{"start":{"line":38,"column":20},"end":{"line":38,"column":62}},{"start":{"line":38,"column":62},"end":{"line":38,"column":null}}],"line":38},"2":{"loc":{"start":{"line":76,"column":32},"end":{"line":76,"column":null}},"type":"cond-expr","locations":[{"start":{"line":76,"column":52},"end":{"line":76,"column":69}},{"start":{"line":76,"column":69},"end":{"line":76,"column":null}}],"line":76},"3":{"loc":{"start":{"line":77,"column":23},"end":{"line":77,"column":null}},"type":"cond-expr","locations":[{"start":{"line":77,"column":43},"end":{"line":77,"column":52}},{"start":{"line":77,"column":52},"end":{"line":77,"column":null}}],"line":77},"4":{"loc":{"start":{"line":84,"column":11},"end":{"line":85,"column":null}},"type":"binary-expr","locations":[{"start":{"line":84,"column":11},"end":{"line":84,"column":null}},{"start":{"line":85,"column":12},"end":{"line":85,"column":null}}],"line":84}},"s":{"0":0,"1":0,"2":0,"3":0,"4":0,"5":0,"6":0,"7":0,"8":0,"9":0,"10":0,"11":0,"12":0,"13":0,"14":0,"15":0,"16":0,"17":0,"18":0,"19":0,"20":0,"21":0,"22":0,"23":0},"f":{"0":0,"1":0,"2":0,"3":0,"4":0,"5":0,"6":0,"7":0,"8":0},"b":{"0":[0,0],"1":[0,0],"2":[0,0],"3":[0,0],"4":[0,0]},"meta":{"lastBranch":5,"lastFunction":9,"lastStatement":24,"seen":{"s:1:0:1:Infinity":0,"f:12:24:12:31":0,"s:13:16:13:48":1,"s:14:23:14:54":2,"s:15:25:15:57":3,"s:16:22:16:51":4,"s:18:2:22:Infinity":5,"f:18:2:18:18":1,"s:19:18:19:Infinity":6,"f:19:24:19:31":2,"s:19:36:19:51":7,"s:20:4:20:Infinity":8,"s:21:4:21:Infinity":9,"s:24:8:33:Infinity":10,"f:24:8:24:19":3,"s:25:4:25:Infinity":11,"b:26:4:26:Infinity:undefined:undefined:undefined:undefined":0,"s:26:4:26:Infinity":12,"s:26:30:26:Infinity":13,"s:27:26:31:Infinity":14,"s:32:4:32:Infinity":15,"s:33:4:33:Infinity":16,"s:36:8:39:Infinity":17,"f:36:8:36:22":4,"s:37:4:39:Infinity":18,"f:37:19:37:23":5,"s:38:6:38:Infinity":19,"b:38:20:38:62:38:62:38:Infinity":1,"s:42:2:89:Infinity":20,"f:55:12:55:23":6,"s:55:29:55:Infinity":21,"f:61:17:61:21":7,"s:62:12:82:Infinity":22,"f:72:16:72:32":8,"s:72:32:72:51":23,"b:76:52:76:69:76:69:76:Infinity":2,"b:77:43:77:52:77:52:77:Infinity":3,"b:84:11:84:Infinity:85:12:85:Infinity":4}}}
,"C:\\Users\\root\\Documents\\sample\\Pj03\\src\\lib\\growthLogic.ts": {"path":"C:\\Users\\root\\Documents\\sample\\Pj03\\src\\lib\\growthLogic.ts","statementMap":{"0":{"start":{"line":6,"column":13},"end":{"line":10,"column":null}},"1":{"start":{"line":7,"column":2},"end":{"line":7,"column":null}},"2":{"start":{"line":7,"column":27},"end":{"line":7,"column":null}},"3":{"start":{"line":8,"column":2},"end":{"line":8,"column":null}},"4":{"start":{"line":8,"column":26},"end":{"line":8,"column":null}},"5":{"start":{"line":9,"column":2},"end":{"line":9,"column":null}},"6":{"start":{"line":9,"column":26},"end":{"line":9,"column":null}},"7":{"start":{"line":10,"column":2},"end":{"line":10,"column":null}},"8":{"start":{"line":18,"column":13},"end":{"line":19,"column":null}},"9":{"start":{"line":19,"column":2},"end":{"line":19,"column":null}}},"fnMap":{"0":{"name":"(anonymous_0)","decl":{"start":{"line":6,"column":13},"end":{"line":6,"column":37}},"loc":{"start":{"line":6,"column":72},"end":{"line":10,"column":null}},"line":6},"1":{"name":"(anonymous_1)","decl":{"start":{"line":18,"column":13},"end":{"line":18,"column":35}},"loc":{"start":{"line":18,"column":68},"end":{"line":19,"column":null}},"line":18}},"branchMap":{"0":{"loc":{"start":{"line":7,"column":2},"end":{"line":7,"column":null}},"type":"if","locations":[{"start":{"line":7,"column":2},"end":{"line":7,"column":null}},{"start":{},"end":{}}],"line":7},"1":{"loc":{"start":{"line":8,"column":2},"end":{"line":8,"column":null}},"type":"if","locations":[{"start":{"line":8,"column":2},"end":{"line":8,"column":null}},{"start":{},"end":{}}],"line":8},"2":{"loc":{"start":{"line":9,"column":2},"end":{"line":9,"column":null}},"type":"if","locations":[{"start":{"line":9,"column":2},"end":{"line":9,"column":null}},{"start":{},"end":{}}],"line":9}},"s":{"0":1,"1":8,"2":2,"3":6,"4":2,"5":4,"6":2,"7":2,"8":1,"9":2},"f":{"0":8,"1":2},"b":{"0":[2,6],"1":[2,4],"2":[2,2]},"meta":{"lastBranch":3,"lastFunction":2,"lastStatement":10,"seen":{"s:6:13:10:Infinity":0,"f:6:13:6:37":0,"b:7:2:7:Infinity:undefined:undefined:undefined:undefined":0,"s:7:2:7:Infinity":1,"s:7:27:7:Infinity":2,"b:8:2:8:Infinity:undefined:undefined:undefined:undefined":1,"s:8:2:8:Infinity":3,"s:8:26:8:Infinity":4,"b:9:2:9:Infinity:undefined:undefined:undefined:undefined":2,"s:9:2:9:Infinity":5,"s:9:26:9:Infinity":6,"s:10:2:10:Infinity":7,"s:18:13:19:Infinity":8,"f:18:13:18:35":1,"s:19:2:19:Infinity":9}}}
,"C:\\Users\\root\\Documents\\sample\\Pj03\\src\\lib\\supabaseClient.ts": {"path":"C:\\Users\\root\\Documents\\sample\\Pj03\\src\\lib\\supabaseClient.ts","statementMap":{"0":{"start":{"line":4,"column":20},"end":{"line":4,"column":null}},"1":{"start":{"line":5,"column":24},"end":{"line":5,"column":null}},"2":{"start":{"line":7,"column":13},"end":{"line":7,"column":76}}},"fnMap":{},"branchMap":{"0":{"loc":{"start":{"line":4,"column":20},"end":{"line":4,"column":null}},"type":"binary-expr","locations":[{"start":{"line":4,"column":20},"end":{"line":4,"column":60}},{"start":{"line":4,"column":60},"end":{"line":4,"column":null}}],"line":4},"1":{"loc":{"start":{"line":5,"column":24},"end":{"line":5,"column":null}},"type":"binary-expr","locations":[{"start":{"line":5,"column":24},"end":{"line":5,"column":69}},{"start":{"line":5,"column":69},"end":{"line":5,"column":null}}],"line":5}},"s":{"0":0,"1":0,"2":0},"f":{},"b":{"0":[0,0],"1":[0,0]},"meta":{"lastBranch":2,"lastFunction":0,"lastStatement":3,"seen":{"s:4:20:4:Infinity":0,"b:4:20:4:60:4:60:4:Infinity":0,"s:5:24:5:Infinity":1,"b:5:24:5:69:5:69:5:Infinity":1,"s:7:13:7:76":2}}}
}
