{"C:\\Users\\root\\Documents\\sample\\Pj04\\src\\lib\\memo-actions.ts": {"path":"C:\\Users\\root\\Documents\\sample\\Pj04\\src\\lib\\memo-actions.ts","statementMap":{"0":{"start":{"line":1,"column":0},"end":{"line":1,"column":null}},"1":{"start":{"line":6,"column":19},"end":{"line":6,"column":44}},"2":{"start":{"line":7,"column":26},"end":{"line":10,"column":46}},"3":{"start":{"line":12,"column":2},"end":{"line":12,"column":null}},"4":{"start":{"line":12,"column":13},"end":{"line":12,"column":null}},"5":{"start":{"line":13,"column":2},"end":{"line":13,"column":null}},"6":{"start":{"line":17,"column":2},"end":{"line":17,"column":null}},"7":{"start":{"line":17,"column":23},"end":{"line":17,"column":null}},"8":{"start":{"line":19,"column":19},"end":{"line":19,"column":44}},"9":{"start":{"line":20,"column":29},"end":{"line":20,"column":58}},"10":{"start":{"line":22,"column":2},"end":{"line":22,"column":null}},"11":{"start":{"line":22,"column":13},"end":{"line":22,"column":null}},"12":{"start":{"line":24,"column":26},"end":{"line":27,"column":13}},"13":{"start":{"line":29,"column":2},"end":{"line":29,"column":null}},"14":{"start":{"line":29,"column":13},"end":{"line":29,"column":null}},"15":{"start":{"line":30,"column":2},"end":{"line":30,"column":null}},"16":{"start":{"line":34,"column":19},"end":{"line":34,"column":44}},"17":{"start":{"line":35,"column":20},"end":{"line":38,"column":18}},"18":{"start":{"line":40,"column":2},"end":{"line":40,"column":null}},"19":{"start":{"line":40,"column":13},"end":{"line":40,"column":null}},"20":{"start":{"line":41,"column":2},"end":{"line":41,"column":null}}},"fnMap":{"0":{"name":"fetchMemos","decl":{"start":{"line":5,"column":22},"end":{"line":5,"column":35}},"loc":{"start":{"line":5,"column":35},"end":{"line":13,"column":null}},"line":5},"1":{"name":"addMemo","decl":{"start":{"line":16,"column":22},"end":{"line":16,"column":30}},"loc":{"start":{"line":16,"column":47},"end":{"line":30,"column":null}},"line":16},"2":{"name":"deleteMemo","decl":{"start":{"line":33,"column":22},"end":{"line":33,"column":33}},"loc":{"start":{"line":33,"column":45},"end":{"line":41,"column":null}},"line":33}},"branchMap":{"0":{"loc":{"start":{"line":12,"column":2},"end":{"line":12,"column":null}},"type":"if","locations":[{"start":{"line":12,"column":2},"end":{"line":12,"column":null}},{"start":{},"end":{}}],"line":12},"1":{"loc":{"start":{"line":17,"column":2},"end":{"line":17,"column":null}},"type":"if","locations":[{"start":{"line":17,"column":2},"end":{"line":17,"column":null}},{"start":{},"end":{}}],"line":17},"2":{"loc":{"start":{"line":22,"column":2},"end":{"line":22,"column":null}},"type":"if","locations":[{"start":{"line":22,"column":2},"end":{"line":22,"column":null}},{"start":{},"end":{}}],"line":22},"3":{"loc":{"start":{"line":29,"column":2},"end":{"line":29,"column":null}},"type":"if","locations":[{"start":{"line":29,"column":2},"end":{"line":29,"column":null}},{"start":{},"end":{}}],"line":29},"4":{"loc":{"start":{"line":40,"column":2},"end":{"line":40,"column":null}},"type":"if","locations":[{"start":{"line":40,"column":2},"end":{"line":40,"column":null}},{"start":{},"end":{}}],"line":40}},"s":{"0":1,"1":2,"2":2,"3":2,"4":1,"5":1,"6":4,"7":1,"8":3,"9":3,"10":3,"11":1,"12":2,"13":2,"14":1,"15":1,"16":2,"17":2,"18":2,"19":1,"20":1},"f":{"0":2,"1":4,"2":2},"b":{"0":[1,1],"1":[1,3],"2":[1,2],"3":[1,1],"4":[1,1]},"meta":{"lastBranch":5,"lastFunction":3,"lastStatement":21,"seen":{"s:1:0:1:Infinity":0,"f:5:22:5:35":0,"s:6:19:6:44":1,"s:7:26:10:46":2,"b:12:2:12:Infinity:undefined:undefined:undefined:undefined":0,"s:12:2:12:Infinity":3,"s:12:13:12:Infinity":4,"s:13:2:13:Infinity":5,"f:16:22:16:30":1,"b:17:2:17:Infinity:undefined:undefined:undefined:undefined":1,"s:17:2:17:Infinity":6,"s:17:23:17:Infinity":7,"s:19:19:19:44":8,"s:20:29:20:58":9,"b:22:2:22:Infinity:undefined:undefined:undefined:undefined":2,"s:22:2:22:Infinity":10,"s:22:13:22:Infinity":11,"s:24:26:27:13":12,"b:29:2:29:Infinity:undefined:undefined:undefined:undefined":3,"s:29:2:29:Infinity":13,"s:29:13:29:Infinity":14,"s:30:2:30:Infinity":15,"f:33:22:33:33":2,"s:34:19:34:44":16,"s:35:20:38:18":17,"b:40:2:40:Infinity:undefined:undefined:undefined:undefined":4,"s:40:2:40:Infinity":18,"s:40:13:40:Infinity":19,"s:41:2:41:Infinity":20}}}
,"C:\\Users\\root\\Documents\\sample\\Pj04\\src\\lib\\supabase-actions-client.ts": {"path":"C:\\Users\\root\\Documents\\sample\\Pj04\\src\\lib\\supabase-actions-client.ts","statementMap":{"0":{"start":{"line":5,"column":22},"end":{"line":5,"column":37}},"1":{"start":{"line":6,"column":2},"end":{"line":30,"column":null}},"2":{"start":{"line":12,"column":10},"end":{"line":12,"column":null}},"3":{"start":{"line":15,"column":10},"end":{"line":17,"column":null}},"4":{"start":{"line":16,"column":12},"end":{"line":16,"column":null}},"5":{"start":{"line":22,"column":10},"end":{"line":24,"column":null}},"6":{"start":{"line":23,"column":12},"end":{"line":23,"column":null}}},"fnMap":{"0":{"name":"getSupabaseServer","decl":{"start":{"line":4,"column":22},"end":{"line":4,"column":42}},"loc":{"start":{"line":4,"column":42},"end":{"line":30,"column":null}},"line":4},"1":{"name":"(anonymous_1)","decl":{"start":{"line":11,"column":8},"end":{"line":11,"column":12}},"loc":{"start":{"line":11,"column":26},"end":{"line":12,"column":null}},"line":11},"2":{"name":"(anonymous_2)","decl":{"start":{"line":14,"column":8},"end":{"line":14,"column":12}},"loc":{"start":{"line":14,"column":65},"end":{"line":17,"column":null}},"line":14},"3":{"name":"(anonymous_3)","decl":{"start":{"line":21,"column":8},"end":{"line":21,"column":15}},"loc":{"start":{"line":21,"column":53},"end":{"line":24,"column":null}},"line":21}},"branchMap":{},"s":{"0":1,"1":1,"2":0,"3":0,"4":0,"5":0,"6":0},"f":{"0":1,"1":0,"2":0,"3":0},"b":{},"meta":{"lastBranch":0,"lastFunction":4,"lastStatement":7,"seen":{"f:4:22:4:42":0,"s:5:22:5:37":0,"s:6:2:30:Infinity":1,"f:11:8:11:12":1,"s:12:10:12:Infinity":2,"f:14:8:14:12":2,"s:15:10:17:Infinity":3,"s:16:12:16:Infinity":4,"f:21:8:21:15":3,"s:22:10:24:Infinity":5,"s:23:12:23:Infinity":6}}}
,"C:\\Users\\root\\Documents\\sample\\Pj04\\src\\lib\\supabase-server.ts": {"path":"C:\\Users\\root\\Documents\\sample\\Pj04\\src\\lib\\supabase-server.ts","statementMap":{"0":{"start":{"line":5,"column":17},"end":{"line":9,"column":4}},"1":{"start":{"line":11,"column":8},"end":{"line":54,"column":null}},"2":{"start":{"line":17,"column":10},"end":{"line":17,"column":null}},"3":{"start":{"line":20,"column":10},"end":{"line":24,"column":null}},"4":{"start":{"line":25,"column":10},"end":{"line":29,"column":null}},"5":{"start":{"line":30,"column":10},"end":{"line":34,"column":null}},"6":{"start":{"line":37,"column":10},"end":{"line":41,"column":null}},"7":{"start":{"line":42,"column":10},"end":{"line":46,"column":null}},"8":{"start":{"line":47,"column":10},"end":{"line":51,"column":null}},"9":{"start":{"line":57,"column":29},"end":{"line":57,"column":58}},"10":{"start":{"line":60,"column":2},"end":{"line":63,"column":null}},"11":{"start":{"line":61,"column":16},"end":{"line":61,"column":39}},"12":{"start":{"line":62,"column":4},"end":{"line":62,"column":null}},"13":{"start":{"line":63,"column":4},"end":{"line":63,"column":null}},"14":{"start":{"line":66,"column":2},"end":{"line":66,"column":null}}},"fnMap":{"0":{"name":"updateSession","decl":{"start":{"line":4,"column":22},"end":{"line":4,"column":36}},"loc":{"start":{"line":4,"column":58},"end":{"line":66,"column":null}},"line":4},"1":{"name":"(anonymous_1)","decl":{"start":{"line":16,"column":8},"end":{"line":16,"column":12}},"loc":{"start":{"line":16,"column":26},"end":{"line":17,"column":null}},"line":16},"2":{"name":"(anonymous_2)","decl":{"start":{"line":19,"column":8},"end":{"line":19,"column":12}},"loc":{"start":{"line":19,"column":65},"end":{"line":34,"column":null}},"line":19},"3":{"name":"(anonymous_3)","decl":{"start":{"line":36,"column":8},"end":{"line":36,"column":15}},"loc":{"start":{"line":36,"column":53},"end":{"line":51,"column":null}},"line":36}},"branchMap":{"0":{"loc":{"start":{"line":60,"column":2},"end":{"line":63,"column":null}},"type":"if","locations":[{"start":{"line":60,"column":2},"end":{"line":63,"column":null}},{"start":{},"end":{}}],"line":60},"1":{"loc":{"start":{"line":60,"column":6},"end":{"line":60,"column":110}},"type":"binary-expr","locations":[{"start":{"line":60,"column":6},"end":{"line":60,"column":15}},{"start":{"line":60,"column":15},"end":{"line":60,"column":61}},{"start":{"line":60,"column":65},"end":{"line":60,"column":110}}],"line":60}},"s":{"0":3,"1":3,"2":0,"3":0,"4":0,"5":0,"6":0,"7":0,"8":0,"9":3,"10":3,"11":1,"12":1,"13":1,"14":2},"f":{"0":3,"1":0,"2":0,"3":0},"b":{"0":[1,2],"1":[3,2,1]},"meta":{"lastBranch":2,"lastFunction":4,"lastStatement":15,"seen":{"f:4:22:4:36":0,"s:5:17:9:4":0,"s:11:8:54:Infinity":1,"f:16:8:16:12":1,"s:17:10:17:Infinity":2,"f:19:8:19:12":2,"s:20:10:24:Infinity":3,"s:25:10:29:Infinity":4,"s:30:10:34:Infinity":5,"f:36:8:36:15":3,"s:37:10:41:Infinity":6,"s:42:10:46:Infinity":7,"s:47:10:51:Infinity":8,"s:57:29:57:58":9,"b:60:2:63:Infinity:undefined:undefined:undefined:undefined":0,"s:60:2:63:Infinity":10,"b:60:6:60:15:60:15:60:61:60:65:60:110":1,"s:61:16:61:39":11,"s:62:4:62:Infinity":12,"s:63:4:63:Infinity":13,"s:66:2:66:Infinity":14}}}
}
